<?xml version="1.0" encoding="UTF-8"?>
<!-- Generated by org.testng.reporters.JUnitReportReporter -->
<testsuite skipped="0" hostname="satishg-w10" name="qaclickacademy.AppiumTest" tests="2" failures="0" timestamp="2019-10-15T13:01:00 IST" time="0.001" errors="0">
  <testcase name="NativeAppAndroid" time="0.000" classname="qaclickacademy.AppiumTest"/>
  <testcase name="IOSApp" time="0.001" classname="qaclickacademy.AppiumTest"/>
</testsuite> <!-- qaclickacademy.AppiumTest -->
